{"name": "Проверка перехода на страницу \"Дзен\" при клике на лого \"Яндекс\"", "status": "broken", "statusDetails": {"message": "selenium.common.exceptions.TimeoutException: Message: \nStacktrace:\nRemoteError@chrome://remote/content/shared/RemoteError.sys.mjs:8:8\nWebDriverError@chrome://remote/content/shared/webdriver/Errors.sys.mjs:193:5\nNoSuchElementError@chrome://remote/content/shared/webdriver/Errors.sys.mjs:511:5\ndom.find/</<@chrome://remote/content/shared/DOM.sys.mjs:136:16", "trace": "self = <tests.test_base_page.TestLogosClick object at 0x101efaab0>\ndriver = <selenium.webdriver.firefox.webdriver.WebDriver (session=\"e6a0ecf4-8893-469f-8a86-f76c90e6ca73\")>\n\n    @allure.title('Проверка перехода на страницу \"Дзен\" при клике на лого \"Яндекс\"')\n    def test_going_to_dzen_page(self, driver):\n        main_page = MainPage(driver)\n        main_page.wait_visibility_of_yandex_logo()\n        main_page.click_on_yandex_logo()\n        main_page.switch_to_next_tab()\n        wait = WebDriverWait(driver, 5)\n>       element = wait.until(expected_conditions.visibility_of_element_located(BasePageLocators.dzen_logo))\n\ntests/test_base_page.py:30: \n_ _ _ _ _ _ _ _ _ _ _ _ _ _ _ _ _ _ _ _ _ _ _ _ _ _ _ _ _ _ _ _ _ _ _ _ _ _ _ _ _ _ _ _ _ _ _ _ _ _ _ _ _ _ _ _ _ _ _ _ _ _ _ _ _ _ _ _ _ _ _ _ _ _ _ _ _ _ _ _ _ _ _ _ _ _ \n\nself = <selenium.webdriver.support.wait.WebDriverWait (session=\"e6a0ecf4-8893-469f-8a86-f76c90e6ca73\")>\nmethod = <function visibility_of_element_located.<locals>._predicate at 0x102031da0>, message = ''\n\n    def until(self, method: Callable[[D], Union[Literal[False], T]], message: str = \"\") -> T:\n        \"\"\"Calls the method provided with the driver as an argument until the \\\n        return value does not evaluate to ``False``.\n    \n        :param method: callable(WebDriver)\n        :param message: optional message for :exc:`TimeoutException`\n        :returns: the result of the last call to `method`\n        :raises: :exc:`selenium.common.exceptions.TimeoutException` if timeout occurs\n        \"\"\"\n        screen = None\n        stacktrace = None\n    \n        end_time = time.monotonic() + self._timeout\n        while True:\n            try:\n                value = method(self._driver)\n                if value:\n                    return value\n            except self._ignored_exceptions as exc:\n                screen = getattr(exc, \"screen\", None)\n                stacktrace = getattr(exc, \"stacktrace\", None)\n            time.sleep(self._poll)\n            if time.monotonic() > end_time:\n                break\n>       raise TimeoutException(message, screen, stacktrace)\nE       selenium.common.exceptions.TimeoutException: Message: \nE       Stacktrace:\nE       RemoteError@chrome://remote/content/shared/RemoteError.sys.mjs:8:8\nE       WebDriverError@chrome://remote/content/shared/webdriver/Errors.sys.mjs:193:5\nE       NoSuchElementError@chrome://remote/content/shared/webdriver/Errors.sys.mjs:511:5\nE       dom.find/</<@chrome://remote/content/shared/DOM.sys.mjs:136:16\n\nvenv/lib/python3.12/site-packages/selenium/webdriver/support/wait.py:105: TimeoutException"}, "steps": [{"name": "Ждем отображения лого \"Яндекс\" в шапке страницы", "status": "passed", "steps": [{"name": "Ждем отображение элемента", "status": "passed", "parameters": [{"name": "locator", "value": "('xpath', '//a[@href=\"//yandex.ru\" and contains(@class, \"Header_LogoYandex\")]')"}], "start": 1720430576090, "stop": 1720430576110}], "start": 1720430576090, "stop": 1720430576110}, {"name": "Нажимаем на лого \"Яндекс\" в шапке страницы", "status": "passed", "steps": [{"name": "Кликаем на элемент", "status": "passed", "parameters": [{"name": "locator", "value": "('xpath', '//a[@href=\"//yandex.ru\" and contains(@class, \"Header_LogoYandex\")]')"}], "start": 1720430576110, "stop": 1720430576143}], "start": 1720430576110, "stop": 1720430576143}, {"name": "Переходим на другую вкладку", "status": "passed", "start": 1720430576143, "stop": 1720430576144}], "start": 1720430576089, "stop": 1720430581335, "uuid": "0cadfc80-b53f-4922-aa46-f0cb6241b9fe", "historyId": "2a80b6cb18da243ab1eda0f444344ba9", "testCaseId": "2a80b6cb18da243ab1eda0f444344ba9", "fullName": "tests.test_base_page.TestLogosClick#test_going_to_dzen_page", "labels": [{"name": "parentSuite", "value": "tests"}, {"name": "suite", "value": "test_base_page"}, {"name": "subSuite", "value": "TestLogosClick"}, {"name": "host", "value": "Alenas-MacBook-Pro.local"}, {"name": "thread", "value": "10378-MainThread"}, {"name": "framework", "value": "pytest"}, {"name": "language", "value": "cpython3"}, {"name": "package", "value": "tests.test_base_page"}]}