{"uid":"52f10099c7d674c2","name":"Проверка перехода на страницу \"Дзен\" при клике на лого \"Яндекс\"","fullName":"tests.test_base_page.TestLogosClick#test_going_to_dzen_page","historyId":"2a80b6cb18da243ab1eda0f444344ba9","time":{"start":1720430456237,"stop":1720430466782,"duration":10545},"status":"broken","statusMessage":"selenium.common.exceptions.TimeoutException: Message: \nStacktrace:\nRemoteError@chrome://remote/content/shared/RemoteError.sys.mjs:8:8\nWebDriverError@chrome://remote/content/shared/webdriver/Errors.sys.mjs:193:5\nNoSuchElementError@chrome://remote/content/shared/webdriver/Errors.sys.mjs:511:5\ndom.find/</<@chrome://remote/content/shared/DOM.sys.mjs:136:16","statusTrace":"self = <tests.test_base_page.TestLogosClick object at 0x101beaa80>\ndriver = <selenium.webdriver.firefox.webdriver.WebDriver (session=\"128d8758-e8e0-48aa-89bb-59041ddf9dc2\")>\n\n    @allure.title('Проверка перехода на страницу \"Дзен\" при клике на лого \"Яндекс\"')\n    def test_going_to_dzen_page(self, driver):\n        main_page = MainPage(driver)\n        main_page.wait_visibility_of_yandex_logo()\n        main_page.click_on_yandex_logo()\n        main_page.switch_to_next_tab()\n        wait = WebDriverWait(driver, 10)\n>       element = wait.until(expected_conditions.visibility_of_element_located(BasePageLocators.dzen_logo))\n\ntests/test_base_page.py:30: \n_ _ _ _ _ _ _ _ _ _ _ _ _ _ _ _ _ _ _ _ _ _ _ _ _ _ _ _ _ _ _ _ _ _ _ _ _ _ _ _ _ _ _ _ _ _ _ _ _ _ _ _ _ _ _ _ _ _ _ _ _ _ _ _ _ _ _ _ _ _ _ _ _ _ _ _ _ _ _ _ _ _ _ _ _ _ \n\nself = <selenium.webdriver.support.wait.WebDriverWait (session=\"128d8758-e8e0-48aa-89bb-59041ddf9dc2\")>\nmethod = <function visibility_of_element_located.<locals>._predicate at 0x10249dda0>, message = ''\n\n    def until(self, method: Callable[[D], Union[Literal[False], T]], message: str = \"\") -> T:\n        \"\"\"Calls the method provided with the driver as an argument until the \\\n        return value does not evaluate to ``False``.\n    \n        :param method: callable(WebDriver)\n        :param message: optional message for :exc:`TimeoutException`\n        :returns: the result of the last call to `method`\n        :raises: :exc:`selenium.common.exceptions.TimeoutException` if timeout occurs\n        \"\"\"\n        screen = None\n        stacktrace = None\n    \n        end_time = time.monotonic() + self._timeout\n        while True:\n            try:\n                value = method(self._driver)\n                if value:\n                    return value\n            except self._ignored_exceptions as exc:\n                screen = getattr(exc, \"screen\", None)\n                stacktrace = getattr(exc, \"stacktrace\", None)\n            time.sleep(self._poll)\n            if time.monotonic() > end_time:\n                break\n>       raise TimeoutException(message, screen, stacktrace)\nE       selenium.common.exceptions.TimeoutException: Message: \nE       Stacktrace:\nE       RemoteError@chrome://remote/content/shared/RemoteError.sys.mjs:8:8\nE       WebDriverError@chrome://remote/content/shared/webdriver/Errors.sys.mjs:193:5\nE       NoSuchElementError@chrome://remote/content/shared/webdriver/Errors.sys.mjs:511:5\nE       dom.find/</<@chrome://remote/content/shared/DOM.sys.mjs:136:16\n\nvenv/lib/python3.12/site-packages/selenium/webdriver/support/wait.py:105: TimeoutException","flaky":false,"newFailed":false,"newBroken":false,"newPassed":false,"retriesCount":0,"retriesStatusChange":false,"beforeStages":[{"name":"driver","time":{"start":1720430453977,"stop":1720430456236,"duration":2259},"status":"passed","steps":[],"attachments":[],"parameters":[],"stepsCount":0,"hasContent":false,"shouldDisplayMessage":false,"attachmentsCount":0,"attachmentStep":false}],"testStage":{"status":"broken","statusMessage":"selenium.common.exceptions.TimeoutException: Message: \nStacktrace:\nRemoteError@chrome://remote/content/shared/RemoteError.sys.mjs:8:8\nWebDriverError@chrome://remote/content/shared/webdriver/Errors.sys.mjs:193:5\nNoSuchElementError@chrome://remote/content/shared/webdriver/Errors.sys.mjs:511:5\ndom.find/</<@chrome://remote/content/shared/DOM.sys.mjs:136:16","statusTrace":"self = <tests.test_base_page.TestLogosClick object at 0x101beaa80>\ndriver = <selenium.webdriver.firefox.webdriver.WebDriver (session=\"128d8758-e8e0-48aa-89bb-59041ddf9dc2\")>\n\n    @allure.title('Проверка перехода на страницу \"Дзен\" при клике на лого \"Яндекс\"')\n    def test_going_to_dzen_page(self, driver):\n        main_page = MainPage(driver)\n        main_page.wait_visibility_of_yandex_logo()\n        main_page.click_on_yandex_logo()\n        main_page.switch_to_next_tab()\n        wait = WebDriverWait(driver, 10)\n>       element = wait.until(expected_conditions.visibility_of_element_located(BasePageLocators.dzen_logo))\n\ntests/test_base_page.py:30: \n_ _ _ _ _ _ _ _ _ _ _ _ _ _ _ _ _ _ _ _ _ _ _ _ _ _ _ _ _ _ _ _ _ _ _ _ _ _ _ _ _ _ _ _ _ _ _ _ _ _ _ _ _ _ _ _ _ _ _ _ _ _ _ _ _ _ _ _ _ _ _ _ _ _ _ _ _ _ _ _ _ _ _ _ _ _ \n\nself = <selenium.webdriver.support.wait.WebDriverWait (session=\"128d8758-e8e0-48aa-89bb-59041ddf9dc2\")>\nmethod = <function visibility_of_element_located.<locals>._predicate at 0x10249dda0>, message = ''\n\n    def until(self, method: Callable[[D], Union[Literal[False], T]], message: str = \"\") -> T:\n        \"\"\"Calls the method provided with the driver as an argument until the \\\n        return value does not evaluate to ``False``.\n    \n        :param method: callable(WebDriver)\n        :param message: optional message for :exc:`TimeoutException`\n        :returns: the result of the last call to `method`\n        :raises: :exc:`selenium.common.exceptions.TimeoutException` if timeout occurs\n        \"\"\"\n        screen = None\n        stacktrace = None\n    \n        end_time = time.monotonic() + self._timeout\n        while True:\n            try:\n                value = method(self._driver)\n                if value:\n                    return value\n            except self._ignored_exceptions as exc:\n                screen = getattr(exc, \"screen\", None)\n                stacktrace = getattr(exc, \"stacktrace\", None)\n            time.sleep(self._poll)\n            if time.monotonic() > end_time:\n                break\n>       raise TimeoutException(message, screen, stacktrace)\nE       selenium.common.exceptions.TimeoutException: Message: \nE       Stacktrace:\nE       RemoteError@chrome://remote/content/shared/RemoteError.sys.mjs:8:8\nE       WebDriverError@chrome://remote/content/shared/webdriver/Errors.sys.mjs:193:5\nE       NoSuchElementError@chrome://remote/content/shared/webdriver/Errors.sys.mjs:511:5\nE       dom.find/</<@chrome://remote/content/shared/DOM.sys.mjs:136:16\n\nvenv/lib/python3.12/site-packages/selenium/webdriver/support/wait.py:105: TimeoutException","steps":[{"name":"Ждем отображения лого \"Яндекс\" в шапке страницы","time":{"start":1720430456237,"stop":1720430456259,"duration":22},"status":"passed","steps":[{"name":"Ждем отображение элемента","time":{"start":1720430456237,"stop":1720430456259,"duration":22},"status":"passed","steps":[],"attachments":[],"parameters":[{"name":"locator","value":"('xpath', '//a[@href=\"//yandex.ru\" and contains(@class, \"Header_LogoYandex\")]')"}],"stepsCount":0,"hasContent":true,"shouldDisplayMessage":false,"attachmentsCount":0,"attachmentStep":false}],"attachments":[],"parameters":[],"stepsCount":1,"hasContent":true,"shouldDisplayMessage":false,"attachmentsCount":0,"attachmentStep":false},{"name":"Нажимаем на лого \"Яндекс\" в шапке страницы","time":{"start":1720430456259,"stop":1720430456294,"duration":35},"status":"passed","steps":[{"name":"Кликаем на элемент","time":{"start":1720430456259,"stop":1720430456294,"duration":35},"status":"passed","steps":[],"attachments":[],"parameters":[{"name":"locator","value":"('xpath', '//a[@href=\"//yandex.ru\" and contains(@class, \"Header_LogoYandex\")]')"}],"stepsCount":0,"hasContent":true,"shouldDisplayMessage":false,"attachmentsCount":0,"attachmentStep":false}],"attachments":[],"parameters":[],"stepsCount":1,"hasContent":true,"shouldDisplayMessage":false,"attachmentsCount":0,"attachmentStep":false},{"name":"Переходим на другую вкладку","time":{"start":1720430456294,"stop":1720430456296,"duration":2},"status":"passed","steps":[],"attachments":[],"parameters":[],"stepsCount":0,"hasContent":false,"shouldDisplayMessage":false,"attachmentsCount":0,"attachmentStep":false}],"attachments":[],"parameters":[],"stepsCount":5,"hasContent":true,"shouldDisplayMessage":true,"attachmentsCount":0,"attachmentStep":false},"afterStages":[{"name":"driver::0","time":{"start":1720430466827,"stop":1720430467253,"duration":426},"status":"passed","steps":[],"attachments":[],"parameters":[],"stepsCount":0,"hasContent":false,"shouldDisplayMessage":false,"attachmentsCount":0,"attachmentStep":false}],"labels":[{"name":"parentSuite","value":"tests"},{"name":"suite","value":"test_base_page"},{"name":"subSuite","value":"TestLogosClick"},{"name":"host","value":"Alenas-MacBook-Pro.local"},{"name":"thread","value":"9777-MainThread"},{"name":"framework","value":"pytest"},{"name":"language","value":"cpython3"},{"name":"package","value":"tests.test_base_page"},{"name":"resultFormat","value":"allure2"}],"parameters":[],"links":[],"hidden":true,"retry":true,"extra":{"categories":[],"tags":[]},"source":"52f10099c7d674c2.json","parameterValues":[]}